<?xml version="1.0" encoding="UTF-8"?>
<testng-results skipped="0" failed="1" total="2" passed="1">
  <reporter-output>
  </reporter-output>
  <suite name="Default suite" duration-ms="53878" started-at="2015-08-24T17:34:44Z" finished-at="2015-08-24T17:35:38Z">
    <groups>
    </groups>
    <test name="Default test" duration-ms="53878" started-at="2015-08-24T17:34:44Z" finished-at="2015-08-24T17:35:38Z">
      <class name="com.appium.tests.WritePostTest">
        <test-method status="PASS" signature="setUp()[pri:0, instance:com.appium.tests.WritePostTest@5b464ce8]" name="setUp" is-config="true" duration-ms="5463" started-at="2015-08-24T23:04:44Z" finished-at="2015-08-24T23:04:50Z">
          <reporter-output>
          </reporter-output>
        </test-method> <!-- setUp -->
        <test-method status="PASS" signature="writePost()[pri:0, instance:com.appium.tests.WritePostTest@5b464ce8]" name="writePost" duration-ms="42285" started-at="2015-08-24T23:04:50Z" finished-at="2015-08-24T23:05:32Z">
          <reporter-output>
          </reporter-output>
        </test-method> <!-- writePost -->
        <test-method status="PASS" signature="tearDown()[pri:0, instance:com.appium.tests.WritePostTest@5b464ce8]" name="tearDown" is-config="true" duration-ms="413" started-at="2015-08-24T23:05:32Z" finished-at="2015-08-24T23:05:32Z">
          <reporter-output>
          </reporter-output>
        </test-method> <!-- tearDown -->
        <test-method status="PASS" signature="setUp()[pri:0, instance:com.appium.tests.WritePostTest@5b464ce8]" name="setUp" is-config="true" duration-ms="5150" started-at="2015-08-24T23:05:32Z" finished-at="2015-08-24T23:05:38Z">
          <reporter-output>
          </reporter-output>
        </test-method> <!-- setUp -->
        <test-method status="FAIL" signature="deleteTheCreatedPost()[pri:0, instance:com.appium.tests.WritePostTest@5b464ce8]" name="deleteTheCreatedPost" duration-ms="32" started-at="2015-08-24T23:05:38Z" finished-at="2015-08-24T23:05:38Z">
          <exception class="org.openqa.selenium.NoSuchElementException">
            <message>
              <![CDATA[An element could not be located on the page using the given search parameters. (WARNING: The server did not provide any stacktrace information)
Command duration or timeout: 30 milliseconds
For documentation on this error, please visit: http://seleniumhq.org/exceptions/no_such_element.html
Build info: version: '2.46.0', revision: '61506a4624b13675f24581e453592342b7485d71', time: '2015-06-04 10:22:50'
System info: host: 'INsaikrisv.local', ip: '192.168.0.107', os.name: 'Mac OS X', os.arch: 'x86_64', os.version: '10.10.4', java.version: '1.8.0_51'
Driver info: io.appium.java_client.android.AndroidDriver
Capabilities [{app=/Users/saikrisv/Documents/workspace/PagePatternAppium/build/wordpress.apk, networkConnectionEnabled=true, package=org.wordpress.android, warnings={}, databaseEnabled=false, deviceName=192.168.56.101:5555, platform=LINUX, appActivity=org.wordpress.android.ui.WPLaunchActivity, desired={app=/Users/saikrisv/Documents/workspace/PagePatternAppium/build/wordpress.apk, appActivity=org.wordpress.android.ui.WPLaunchActivity, package=org.wordpress.android, platformVersion=5.0.2, platformName=Android, deviceName=9111833b}, platformVersion=5.0, webStorageEnabled=false, locationContextEnabled=false, browserName=Android, takesScreenshot=true, javascriptEnabled=true, platformName=Android}]
Session ID: 3197dbc8-db5d-4f71-9233-4c487eab9c7c
*** Element info: {Using=id, value=org.wordpress.android:id/nux_username}]]>
            </message>
            <full-stacktrace>
              <![CDATA[org.openqa.selenium.NoSuchElementException: An element could not be located on the page using the given search parameters. (WARNING: The server did not provide any stacktrace information)
Command duration or timeout: 30 milliseconds
For documentation on this error, please visit: http://seleniumhq.org/exceptions/no_such_element.html
Build info: version: '2.46.0', revision: '61506a4624b13675f24581e453592342b7485d71', time: '2015-06-04 10:22:50'
System info: host: 'INsaikrisv.local', ip: '192.168.0.107', os.name: 'Mac OS X', os.arch: 'x86_64', os.version: '10.10.4', java.version: '1.8.0_51'
Driver info: io.appium.java_client.android.AndroidDriver
Capabilities [{app=/Users/saikrisv/Documents/workspace/PagePatternAppium/build/wordpress.apk, networkConnectionEnabled=true, package=org.wordpress.android, warnings={}, databaseEnabled=false, deviceName=192.168.56.101:5555, platform=LINUX, appActivity=org.wordpress.android.ui.WPLaunchActivity, desired={app=/Users/saikrisv/Documents/workspace/PagePatternAppium/build/wordpress.apk, appActivity=org.wordpress.android.ui.WPLaunchActivity, package=org.wordpress.android, platformVersion=5.0.2, platformName=Android, deviceName=9111833b}, platformVersion=5.0, webStorageEnabled=false, locationContextEnabled=false, browserName=Android, takesScreenshot=true, javascriptEnabled=true, platformName=Android}]
Session ID: 3197dbc8-db5d-4f71-9233-4c487eab9c7c
*** Element info: {Using=id, value=org.wordpress.android:id/nux_username}
	at sun.reflect.NativeConstructorAccessorImpl.newInstance0(Native Method)
	at sun.reflect.NativeConstructorAccessorImpl.newInstance(NativeConstructorAccessorImpl.java:62)
	at sun.reflect.DelegatingConstructorAccessorImpl.newInstance(DelegatingConstructorAccessorImpl.java:45)
	at java.lang.reflect.Constructor.newInstance(Constructor.java:422)
	at org.openqa.selenium.remote.ErrorHandler.createThrowable(ErrorHandler.java:204)
	at org.openqa.selenium.remote.ErrorHandler.throwIfResponseFailed(ErrorHandler.java:156)
	at org.openqa.selenium.remote.RemoteWebDriver.execute(RemoteWebDriver.java:605)
	at io.appium.java_client.DefaultGenericMobileDriver.execute(DefaultGenericMobileDriver.java:27)
	at io.appium.java_client.AppiumDriver.execute(AppiumDriver.java:1)
	at io.appium.java_client.android.AndroidDriver.execute(AndroidDriver.java:1)
	at org.openqa.selenium.remote.RemoteWebDriver.findElement(RemoteWebDriver.java:358)
	at org.openqa.selenium.remote.RemoteWebDriver.findElementById(RemoteWebDriver.java:399)
	at io.appium.java_client.DefaultGenericMobileDriver.findElementById(DefaultGenericMobileDriver.java:47)
	at io.appium.java_client.AppiumDriver.findElementById(AppiumDriver.java:1)
	at io.appium.java_client.android.AndroidDriver.findElementById(AndroidDriver.java:1)
	at org.openqa.selenium.By$ById.findElement(By.java:215)
	at org.openqa.selenium.remote.RemoteWebDriver.findElement(RemoteWebDriver.java:350)
	at io.appium.java_client.DefaultGenericMobileDriver.findElement(DefaultGenericMobileDriver.java:37)
	at io.appium.java_client.AppiumDriver.findElement(AppiumDriver.java:1)
	at io.appium.java_client.android.AndroidDriver.findElement(AndroidDriver.java:1)
	at com.appium.pages.LoginPage.enterValidCredentails(LoginPage.java:12)
	at com.appium.tests.WritePostTest.deleteTheCreatedPost(WritePostTest.java:27)
	at sun.reflect.NativeMethodAccessorImpl.invoke0(Native Method)
	at sun.reflect.NativeMethodAccessorImpl.invoke(NativeMethodAccessorImpl.java:62)
	at sun.reflect.DelegatingMethodAccessorImpl.invoke(DelegatingMethodAccessorImpl.java:43)
	at java.lang.reflect.Method.invoke(Method.java:497)
	at org.testng.internal.MethodInvocationHelper.invokeMethod(MethodInvocationHelper.java:80)
	at org.testng.internal.Invoker.invokeMethod(Invoker.java:715)
	at org.testng.internal.Invoker.invokeTestMethod(Invoker.java:907)
	at org.testng.internal.Invoker.invokeTestMethods(Invoker.java:1237)
	at org.testng.internal.TestMethodWorker.invokeTestMethods(TestMethodWorker.java:127)
	at org.testng.internal.TestMethodWorker.run(TestMethodWorker.java:111)
	at org.testng.TestRunner.privateRun(TestRunner.java:767)
	at org.testng.TestRunner.run(TestRunner.java:617)
	at org.testng.SuiteRunner.runTest(SuiteRunner.java:334)
	at org.testng.SuiteRunner.runSequentially(SuiteRunner.java:329)
	at org.testng.SuiteRunner.privateRun(SuiteRunner.java:291)
	at org.testng.SuiteRunner.run(SuiteRunner.java:240)
	at org.testng.SuiteRunnerWorker.runSuite(SuiteRunnerWorker.java:51)
	at org.testng.SuiteRunnerWorker.run(SuiteRunnerWorker.java:85)
	at org.testng.TestNG.runSuitesSequentially(TestNG.java:1197)
	at org.testng.TestNG.runSuitesLocally(TestNG.java:1122)
	at org.testng.TestNG.run(TestNG.java:1030)
	at org.testng.remote.RemoteTestNG.run(RemoteTestNG.java:111)
	at org.testng.remote.RemoteTestNG.initAndRun(RemoteTestNG.java:204)
	at org.testng.remote.RemoteTestNG.main(RemoteTestNG.java:175)
]]>
            </full-stacktrace>
          </exception> <!-- org.openqa.selenium.NoSuchElementException -->
          <reporter-output>
          </reporter-output>
        </test-method> <!-- deleteTheCreatedPost -->
        <test-method status="PASS" signature="tearDown()[pri:0, instance:com.appium.tests.WritePostTest@5b464ce8]" name="tearDown" is-config="true" duration-ms="520" started-at="2015-08-24T23:05:38Z" finished-at="2015-08-24T23:05:38Z">
          <reporter-output>
          </reporter-output>
        </test-method> <!-- tearDown -->
      </class> <!-- com.appium.tests.WritePostTest -->
    </test> <!-- Default test -->
  </suite> <!-- Default suite -->
</testng-results>
